<?xml version="1.0" encoding="UTF-8"?>
<!-- Generated by org.testng.reporters.JUnitReportReporter -->
<testsuite skipped="0" hostname="DESKTOP-BOL70AN" name="com.dmo.Flipkart" tests="1" failures="0" timestamp="30 Nov 2020 15:17:10 GMT" time="3.703" errors="0">
  <testcase name="loginApp" time="3.703" classname="com.dmo.Flipkart"/>
</testsuite> <!-- com.dmo.Flipkart -->
